<?xml version="1.0" encoding="UTF-8"?>
<!-- Generated by org.testng.reporters.JUnitXMLReporter -->
<testsuite hostname="Riaz" ignored="0" name="RegressiontestingEdge" tests="7" failures="0" timestamp="2023-08-13T16:02:19 EDT" time="85.029" errors="0">
  <testcase name="f" time="0.278" classname="Capstone.AutomationPractice3.SignToAmazon"/>
  <testcase name="signin" time="0.321" classname="Capstone.AutomationPractice3.TestOfVerification"/>
  <testcase name="f" time="4.452" classname="Capstone.AutomationPractice3.TestOfVerification"/>
  <testcase name="f" time="0.314" classname="Capstone.AutomationPractice3.Points"/>
  <testcase name="f" time="0.285" classname="Capstone.AutomationPractice3.Points"/>
  <testcase name="f" time="0.273" classname="Capstone.AutomationPractice3.Points"/>
  <testcase name="f" time="0.029" classname="Capstone.AutomationPractice3.Property"/>
</testsuite> <!-- RegressiontestingEdge -->
