<?xml version="1.0" encoding="UTF-8"?>
<!-- Generated by org.testng.reporters.JUnitXMLReporter -->
<testsuite hostname="Riaz" ignored="0" name="Regressiontesting" tests="7" failures="0" timestamp="2023-08-13T16:00:54 EDT" time="86.394" errors="0">
  <testcase name="f" time="0.283" classname="Capstone.AutomationPractice3.SignToAmazon"/>
  <testcase name="signin" time="0.314" classname="Capstone.AutomationPractice3.TestOfVerification"/>
  <testcase name="f" time="4.373" classname="Capstone.AutomationPractice3.TestOfVerification"/>
  <testcase name="f" time="0.286" classname="Capstone.AutomationPractice3.Points"/>
  <testcase name="f" time="0.28" classname="Capstone.AutomationPractice3.Points"/>
  <testcase name="f" time="0.294" classname="Capstone.AutomationPractice3.Points"/>
  <testcase name="f" time="0.041" classname="Capstone.AutomationPractice3.Property"/>
</testsuite> <!-- Regressiontesting -->
